2023-03-15 11:26:13,638 [Worker-6: Loading available Gradle versions] INFO  o.e.b.c.i.u.g.PublishedGradleVersions - Gradle version information cache is up-to-date. Trying to read.
2023-03-15 11:26:51,631 [Worker-5: Import Getting Started Content] INFO  o.e.m.c.i.l.LifecycleMappingFactory - Using org.eclipse.m2e.jdt.JarLifecycleMapping lifecycle mapping for MavenProject: com.example:StudentAPI:0.0.1-SNAPSHOT @ C:\TASKS\StudentAPI\pom.xml.
2023-03-15 11:26:52,195 [Worker-5: Import Getting Started Content] INFO  o.e.m.j.i.AbstractJavaProjectConfigurator - Adding source folder /StudentAPI/src/main/java
2023-03-15 11:26:52,196 [Worker-5: Import Getting Started Content] INFO  o.e.m.j.i.AbstractJavaProjectConfigurator - Adding resource folder /StudentAPI/src/main/resources
2023-03-15 11:26:52,199 [Worker-5: Import Getting Started Content] INFO  o.e.m.j.i.AbstractJavaProjectConfigurator - Adding resource folder /StudentAPI/src/main/resources
2023-03-15 11:26:52,202 [Worker-5: Import Getting Started Content] INFO  o.e.m.j.i.AbstractJavaProjectConfigurator - Adding source folder /StudentAPI/src/test/java
2023-03-15 11:26:53,105 [Worker-5: Import Getting Started Content] INFO  o.e.m.c.i.p.ProjectConfigurationManager - Imported and configured 1 project(s) in 2 sec
2023-03-15 11:26:53,109 [Worker-5: Import Getting Started Content] INFO  o.e.m.c.i.p.ProjectConfigurationManager - Update started
2023-03-15 11:26:53,256 [Worker-5: Import Getting Started Content] INFO  o.e.m.c.i.l.LifecycleMappingFactory - Using org.eclipse.m2e.jdt.JarLifecycleMapping lifecycle mapping for MavenProject: com.example:StudentAPI:0.0.1-SNAPSHOT @ C:\TASKS\StudentAPI\pom.xml.
2023-03-15 11:26:53,517 [Worker-5: Import Getting Started Content] INFO  o.e.m.j.i.AbstractJavaProjectConfigurator - Adding source folder /StudentAPI/src/main/java
2023-03-15 11:26:53,517 [Worker-5: Import Getting Started Content] INFO  o.e.m.j.i.AbstractJavaProjectConfigurator - Adding resource folder /StudentAPI/src/main/resources
2023-03-15 11:26:53,518 [Worker-5: Import Getting Started Content] INFO  o.e.m.j.i.AbstractJavaProjectConfigurator - Adding resource folder /StudentAPI/src/main/resources
2023-03-15 11:26:53,518 [Worker-5: Import Getting Started Content] INFO  o.e.m.j.i.AbstractJavaProjectConfigurator - Adding source folder /StudentAPI/src/test/java
2023-03-15 11:26:53,880 [Worker-5: Import Getting Started Content] INFO  o.e.m.c.i.p.ProjectConfigurationManager - Update completed for 1 poms: local refresh takes 0.00 sec, refresh facades takes 0.00 sec, update config takes 0.00 sec 
2023-03-15 11:42:39,689 [Worker-10: Building] INFO  o.e.m.c.i.l.LifecycleMappingFactory - Using org.eclipse.m2e.jdt.JarLifecycleMapping lifecycle mapping for MavenProject: com.employeAPI:EmployeeCRUDAPI:0.0.1-SNAPSHOT @ C:\EmployeeCRUDAPI\pom.xml.
2023-03-15 11:42:40,080 [Worker-10: Building] INFO  o.a.m.s.f.DefaultMavenResourcesFiltering - Copying 1 resource
2023-03-15 11:42:40,100 [Worker-10: Building] INFO  o.a.m.s.f.DefaultMavenResourcesFiltering - Copying 0 resource
2023-03-15 11:42:40,104 [Worker-10: Building] INFO  o.a.m.s.f.DefaultMavenResourcesFiltering - skip non existing resourceDirectory C:\EmployeeCRUDAPI\src\test\resources
2023-03-15 11:42:40,390 [Worker-15: Updating Maven Dependencies] INFO  o.e.m.c.i.l.LifecycleMappingFactory - Using org.eclipse.m2e.jdt.JarLifecycleMapping lifecycle mapping for MavenProject: com.employeAPI:EmployeeCRUDAPI:0.0.1-SNAPSHOT @ C:\EmployeeCRUDAPI\pom.xml.
2023-03-15 11:42:41,430 [Worker-16: Building] INFO  o.a.m.s.f.DefaultMavenResourcesFiltering - Copying 1 resource
2023-03-15 11:42:41,441 [Worker-16: Building] INFO  o.a.m.s.f.DefaultMavenResourcesFiltering - Copying 0 resource
2023-03-15 11:42:41,445 [Worker-16: Building] INFO  o.a.m.s.f.DefaultMavenResourcesFiltering - skip non existing resourceDirectory C:\EmployeeCRUDAPI\src\test\resources
2023-03-15 12:24:38,960 [Worker-31: Building] INFO  o.e.m.c.i.l.LifecycleMappingFactory - Using org.eclipse.m2e.jdt.JarLifecycleMapping lifecycle mapping for MavenProject: com.example:StudentAPI:0.0.1-SNAPSHOT @ C:\TASKS\StudentAPI\pom.xml.
2023-03-15 12:24:39,166 [Worker-31: Building] INFO  o.a.m.s.f.DefaultMavenResourcesFiltering - Copying 0 resource
2023-03-15 12:24:39,166 [Worker-31: Building] INFO  o.a.m.s.f.DefaultMavenResourcesFiltering - Copying 0 resource
2023-03-15 12:24:39,169 [Worker-31: Building] INFO  o.a.m.s.f.DefaultMavenResourcesFiltering - skip non existing resourceDirectory C:\TASKS\StudentAPI\src\test\resources
2023-03-15 12:24:40,273 [Worker-30: Building] INFO  o.a.m.s.f.DefaultMavenResourcesFiltering - Copying 1 resource
2023-03-15 12:24:40,282 [Worker-30: Building] INFO  o.a.m.s.f.DefaultMavenResourcesFiltering - Copying 0 resource
2023-03-15 12:24:40,284 [Worker-30: Building] INFO  o.a.m.s.f.DefaultMavenResourcesFiltering - skip non existing resourceDirectory C:\TASKS\StudentAPI\src\test\resources
2023-03-15 12:28:06,621 [Worker-29: Building] INFO  o.e.m.c.i.l.LifecycleMappingFactory - Using org.eclipse.m2e.jdt.JarLifecycleMapping lifecycle mapping for MavenProject: com.example:StudentAPI:0.0.1-SNAPSHOT @ C:\TASKS\StudentAPI\pom.xml.
2023-03-15 12:28:06,885 [Worker-29: Building] INFO  o.a.m.s.f.DefaultMavenResourcesFiltering - Copying 0 resource
2023-03-15 12:28:06,885 [Worker-29: Building] INFO  o.a.m.s.f.DefaultMavenResourcesFiltering - Copying 0 resource
2023-03-15 12:28:06,887 [Worker-29: Building] INFO  o.a.m.s.f.DefaultMavenResourcesFiltering - skip non existing resourceDirectory C:\TASKS\StudentAPI\src\test\resources
2023-03-15 12:28:08,048 [Worker-29: Building] INFO  o.a.m.s.f.DefaultMavenResourcesFiltering - Copying 1 resource
2023-03-15 12:28:08,056 [Worker-29: Building] INFO  o.a.m.s.f.DefaultMavenResourcesFiltering - Copying 0 resource
2023-03-15 12:28:08,058 [Worker-29: Building] INFO  o.a.m.s.f.DefaultMavenResourcesFiltering - skip non existing resourceDirectory C:\TASKS\StudentAPI\src\test\resources
2023-03-15 12:29:56,317 [Worker-29: Launching StudentApiApplication] INFO  o.a.m.s.f.DefaultMavenResourcesFiltering - Copying 1 resource
2023-03-15 12:29:56,326 [Worker-29: Launching StudentApiApplication] INFO  o.a.m.s.f.DefaultMavenResourcesFiltering - Copying 0 resource
2023-03-15 12:29:56,329 [Worker-29: Launching StudentApiApplication] INFO  o.a.m.s.f.DefaultMavenResourcesFiltering - skip non existing resourceDirectory C:\TASKS\StudentAPI\src\test\resources
2023-03-15 12:50:20,749 [Worker-41: Launching StudentApiApplication] INFO  o.a.m.s.f.DefaultMavenResourcesFiltering - Copying 1 resource
2023-03-15 12:50:20,757 [Worker-41: Launching StudentApiApplication] INFO  o.a.m.s.f.DefaultMavenResourcesFiltering - Copying 0 resource
2023-03-15 12:50:20,760 [Worker-41: Launching StudentApiApplication] INFO  o.a.m.s.f.DefaultMavenResourcesFiltering - skip non existing resourceDirectory C:\TASKS\StudentAPI\src\test\resources
2023-03-15 12:51:39,014 [Worker-45: Building] INFO  o.a.m.s.f.DefaultMavenResourcesFiltering - Copying 1 resource
2023-03-15 12:51:39,018 [Worker-45: Building] INFO  o.a.m.s.f.DefaultMavenResourcesFiltering - Copying 0 resource
2023-03-15 12:51:39,020 [Worker-45: Building] INFO  o.a.m.s.f.DefaultMavenResourcesFiltering - skip non existing resourceDirectory C:\TASKS\StudentAPI\src\test\resources
2023-03-15 12:53:22,311 [Worker-41: Building] INFO  o.a.m.s.f.DefaultMavenResourcesFiltering - Copying 1 resource
2023-03-15 12:53:22,317 [Worker-41: Building] INFO  o.a.m.s.f.DefaultMavenResourcesFiltering - Copying 0 resource
2023-03-15 12:53:22,319 [Worker-41: Building] INFO  o.a.m.s.f.DefaultMavenResourcesFiltering - skip non existing resourceDirectory C:\TASKS\StudentAPI\src\test\resources
2023-03-15 12:54:30,471 [Worker-47: Building] INFO  o.a.m.s.f.DefaultMavenResourcesFiltering - Copying 1 resource
2023-03-15 12:54:30,474 [Worker-47: Building] INFO  o.a.m.s.f.DefaultMavenResourcesFiltering - Copying 0 resource
2023-03-15 12:54:30,476 [Worker-47: Building] INFO  o.a.m.s.f.DefaultMavenResourcesFiltering - skip non existing resourceDirectory C:\TASKS\StudentAPI\src\test\resources
2023-03-15 12:54:52,569 [Worker-44: Updating Maven Project] INFO  o.e.m.c.i.p.ProjectConfigurationManager - Update started
2023-03-15 12:54:52,685 [Worker-44: Updating Maven Project] INFO  o.e.m.c.i.l.LifecycleMappingFactory - Using org.eclipse.m2e.jdt.JarLifecycleMapping lifecycle mapping for MavenProject: com.example:StudentAPI:0.0.1-SNAPSHOT @ C:\TASKS\StudentAPI\pom.xml.
2023-03-15 12:54:52,900 [Worker-44: Updating Maven Project] INFO  o.e.m.j.i.AbstractJavaProjectConfigurator - Adding source folder /StudentAPI/src/main/java
2023-03-15 12:54:52,900 [Worker-44: Updating Maven Project] INFO  o.e.m.j.i.AbstractJavaProjectConfigurator - Adding resource folder /StudentAPI/src/main/resources
2023-03-15 12:54:52,901 [Worker-44: Updating Maven Project] INFO  o.e.m.j.i.AbstractJavaProjectConfigurator - Adding resource folder /StudentAPI/src/main/resources
2023-03-15 12:54:52,901 [Worker-44: Updating Maven Project] INFO  o.e.m.j.i.AbstractJavaProjectConfigurator - Adding source folder /StudentAPI/src/test/java
2023-03-15 12:54:53,066 [Worker-44: Updating Maven Project] INFO  o.e.m.c.i.p.ProjectConfigurationManager - Update completed for 1 poms: local refresh takes 0.00 sec, refresh facades takes 0.00 sec, update config takes 0.00 sec 
2023-03-15 12:55:01,943 [Worker-41: Updating Maven Project] INFO  o.e.m.c.i.p.ProjectConfigurationManager - Update started
2023-03-15 12:55:02,046 [Worker-41: Updating Maven Project] INFO  o.e.m.c.i.l.LifecycleMappingFactory - Using org.eclipse.m2e.jdt.JarLifecycleMapping lifecycle mapping for MavenProject: com.example:StudentAPI:0.0.1-SNAPSHOT @ C:\TASKS\StudentAPI\pom.xml.
2023-03-15 12:55:02,274 [Worker-41: Updating Maven Project] INFO  o.e.m.j.i.AbstractJavaProjectConfigurator - Adding source folder /StudentAPI/src/main/java
2023-03-15 12:55:02,274 [Worker-41: Updating Maven Project] INFO  o.e.m.j.i.AbstractJavaProjectConfigurator - Adding resource folder /StudentAPI/src/main/resources
2023-03-15 12:55:02,275 [Worker-41: Updating Maven Project] INFO  o.e.m.j.i.AbstractJavaProjectConfigurator - Adding resource folder /StudentAPI/src/main/resources
2023-03-15 12:55:02,275 [Worker-41: Updating Maven Project] INFO  o.e.m.j.i.AbstractJavaProjectConfigurator - Adding source folder /StudentAPI/src/test/java
2023-03-15 12:55:02,440 [Worker-41: Updating Maven Project] INFO  o.e.m.c.i.p.ProjectConfigurationManager - Update completed for 1 poms: local refresh takes 0.00 sec, refresh facades takes 0.00 sec, update config takes 0.00 sec 
2023-03-15 12:55:35,291 [Worker-44: Updating Maven Project] INFO  o.e.m.c.i.p.ProjectConfigurationManager - Update started
2023-03-15 12:55:35,393 [Worker-44: Updating Maven Project] INFO  o.e.m.c.i.l.LifecycleMappingFactory - Using org.eclipse.m2e.jdt.JarLifecycleMapping lifecycle mapping for MavenProject: com.example:StudentAPI:0.0.1-SNAPSHOT @ C:\TASKS\StudentAPI\pom.xml.
2023-03-15 12:55:35,624 [Worker-44: Updating Maven Project] INFO  o.e.m.j.i.AbstractJavaProjectConfigurator - Adding source folder /StudentAPI/src/main/java
2023-03-15 12:55:35,624 [Worker-44: Updating Maven Project] INFO  o.e.m.j.i.AbstractJavaProjectConfigurator - Adding resource folder /StudentAPI/src/main/resources
2023-03-15 12:55:35,625 [Worker-44: Updating Maven Project] INFO  o.e.m.j.i.AbstractJavaProjectConfigurator - Adding resource folder /StudentAPI/src/main/resources
2023-03-15 12:55:35,625 [Worker-44: Updating Maven Project] INFO  o.e.m.j.i.AbstractJavaProjectConfigurator - Adding source folder /StudentAPI/src/test/java
2023-03-15 12:55:35,792 [Worker-44: Updating Maven Project] INFO  o.e.m.c.i.p.ProjectConfigurationManager - Update completed for 1 poms: local refresh takes 0.00 sec, refresh facades takes 0.00 sec, update config takes 0.00 sec 
2023-03-15 12:56:53,899 [Worker-50: Building] INFO  o.e.m.c.i.l.LifecycleMappingFactory - Using org.eclipse.m2e.jdt.JarLifecycleMapping lifecycle mapping for MavenProject: com.example:StudentAPI:0.0.1-SNAPSHOT @ C:\TASKS\StudentAPI\pom.xml.
2023-03-15 12:56:54,102 [Worker-50: Building] INFO  o.a.m.s.f.DefaultMavenResourcesFiltering - Copying 0 resource
2023-03-15 12:56:54,102 [Worker-50: Building] INFO  o.a.m.s.f.DefaultMavenResourcesFiltering - Copying 0 resource
2023-03-15 12:56:54,104 [Worker-50: Building] INFO  o.a.m.s.f.DefaultMavenResourcesFiltering - skip non existing resourceDirectory C:\TASKS\StudentAPI\src\test\resources
2023-03-15 12:57:16,660 [Worker-41: Building] INFO  o.a.m.s.f.DefaultMavenResourcesFiltering - Copying 1 resource
2023-03-15 12:57:16,667 [Worker-41: Building] INFO  o.a.m.s.f.DefaultMavenResourcesFiltering - Copying 0 resource
2023-03-15 12:57:16,669 [Worker-41: Building] INFO  o.a.m.s.f.DefaultMavenResourcesFiltering - skip non existing resourceDirectory C:\TASKS\StudentAPI\src\test\resources
2023-03-15 12:58:16,098 [Worker-46: Building] INFO  o.a.m.s.f.DefaultMavenResourcesFiltering - Copying 1 resource
2023-03-15 12:58:16,101 [Worker-46: Building] INFO  o.a.m.s.f.DefaultMavenResourcesFiltering - Copying 0 resource
2023-03-15 12:58:16,103 [Worker-46: Building] INFO  o.a.m.s.f.DefaultMavenResourcesFiltering - skip non existing resourceDirectory C:\TASKS\StudentAPI\src\test\resources
2023-03-15 12:58:31,118 [Worker-51: Building] INFO  o.a.m.s.f.DefaultMavenResourcesFiltering - Copying 1 resource
2023-03-15 12:58:31,122 [Worker-51: Building] INFO  o.a.m.s.f.DefaultMavenResourcesFiltering - Copying 0 resource
2023-03-15 12:58:31,124 [Worker-51: Building] INFO  o.a.m.s.f.DefaultMavenResourcesFiltering - skip non existing resourceDirectory C:\TASKS\StudentAPI\src\test\resources
2023-03-15 12:58:47,837 [Worker-41: Building] INFO  o.a.m.s.f.DefaultMavenResourcesFiltering - Copying 1 resource
2023-03-15 12:58:47,840 [Worker-41: Building] INFO  o.a.m.s.f.DefaultMavenResourcesFiltering - Copying 0 resource
2023-03-15 12:58:47,842 [Worker-41: Building] INFO  o.a.m.s.f.DefaultMavenResourcesFiltering - skip non existing resourceDirectory C:\TASKS\StudentAPI\src\test\resources
2023-03-15 12:58:55,197 [Worker-47: Building] INFO  o.a.m.s.f.DefaultMavenResourcesFiltering - Copying 1 resource
2023-03-15 12:58:55,200 [Worker-47: Building] INFO  o.a.m.s.f.DefaultMavenResourcesFiltering - Copying 0 resource
2023-03-15 12:58:55,202 [Worker-47: Building] INFO  o.a.m.s.f.DefaultMavenResourcesFiltering - skip non existing resourceDirectory C:\TASKS\StudentAPI\src\test\resources
2023-03-15 12:59:41,118 [Worker-46: Building] INFO  o.a.m.s.f.DefaultMavenResourcesFiltering - Copying 1 resource
2023-03-15 12:59:41,123 [Worker-46: Building] INFO  o.a.m.s.f.DefaultMavenResourcesFiltering - Copying 0 resource
2023-03-15 12:59:41,126 [Worker-46: Building] INFO  o.a.m.s.f.DefaultMavenResourcesFiltering - skip non existing resourceDirectory C:\TASKS\StudentAPI\src\test\resources
2023-03-15 13:00:09,556 [Worker-47: Building] INFO  o.a.m.s.f.DefaultMavenResourcesFiltering - Copying 1 resource
2023-03-15 13:00:09,559 [Worker-47: Building] INFO  o.a.m.s.f.DefaultMavenResourcesFiltering - Copying 0 resource
2023-03-15 13:00:09,561 [Worker-47: Building] INFO  o.a.m.s.f.DefaultMavenResourcesFiltering - skip non existing resourceDirectory C:\TASKS\StudentAPI\src\test\resources
2023-03-15 13:02:23,195 [Worker-46: Building] INFO  o.a.m.s.f.DefaultMavenResourcesFiltering - Copying 1 resource
2023-03-15 13:02:23,205 [Worker-46: Building] INFO  o.a.m.s.f.DefaultMavenResourcesFiltering - Copying 0 resource
2023-03-15 13:02:23,208 [Worker-46: Building] INFO  o.a.m.s.f.DefaultMavenResourcesFiltering - skip non existing resourceDirectory C:\TASKS\StudentAPI\src\test\resources
2023-03-15 13:02:40,968 [Worker-41: Building] INFO  o.a.m.s.f.DefaultMavenResourcesFiltering - Copying 1 resource
2023-03-15 13:02:40,973 [Worker-41: Building] INFO  o.a.m.s.f.DefaultMavenResourcesFiltering - Copying 0 resource
2023-03-15 13:02:40,975 [Worker-41: Building] INFO  o.a.m.s.f.DefaultMavenResourcesFiltering - skip non existing resourceDirectory C:\TASKS\StudentAPI\src\test\resources
2023-03-15 13:02:56,646 [Worker-50: Building] INFO  o.a.m.s.f.DefaultMavenResourcesFiltering - Copying 1 resource
2023-03-15 13:02:56,654 [Worker-50: Building] INFO  o.a.m.s.f.DefaultMavenResourcesFiltering - Copying 0 resource
2023-03-15 13:02:56,657 [Worker-50: Building] INFO  o.a.m.s.f.DefaultMavenResourcesFiltering - skip non existing resourceDirectory C:\TASKS\StudentAPI\src\test\resources
2023-03-15 13:06:37,288 [Worker-50: Building] INFO  o.a.m.s.f.DefaultMavenResourcesFiltering - Copying 1 resource
2023-03-15 13:06:37,292 [Worker-50: Building] INFO  o.a.m.s.f.DefaultMavenResourcesFiltering - Copying 0 resource
2023-03-15 13:06:37,293 [Worker-50: Building] INFO  o.a.m.s.f.DefaultMavenResourcesFiltering - skip non existing resourceDirectory C:\TASKS\StudentAPI\src\test\resources
2023-03-15 14:07:41,124 [Worker-4: Loading available Gradle versions] INFO  o.e.b.c.i.u.g.PublishedGradleVersions - Gradle version information cache is up-to-date. Trying to read.
2023-03-15 14:36:13,457 [Worker-17: Building] INFO  o.e.m.c.i.l.LifecycleMappingFactory - Using org.eclipse.m2e.jdt.JarLifecycleMapping lifecycle mapping for MavenProject: com.example:StudentAPI:0.0.1-SNAPSHOT @ C:\TASKS\StudentAPI\pom.xml.
2023-03-15 14:36:13,647 [Worker-17: Building] INFO  o.e.m.c.i.p.WorkspaceClassifierResolverManager - Resolving P/EmployeeCRUDAPI: com.employeAPI:EmployeeCRUDAPI:0.0.1-SNAPSHOT with classifier  to /EmployeeCRUDAPI/target/classes
2023-03-15 14:36:14,341 [Worker-17: Building] INFO  o.a.m.s.f.DefaultMavenResourcesFiltering - Copying 1 resource
2023-03-15 14:36:14,374 [Worker-17: Building] INFO  o.a.m.s.f.DefaultMavenResourcesFiltering - Copying 0 resource
2023-03-15 14:36:14,378 [Worker-17: Building] INFO  o.a.m.s.f.DefaultMavenResourcesFiltering - skip non existing resourceDirectory C:\TASKS\StudentAPI\src\test\resources
2023-03-15 14:36:16,054 [Worker-18: Building] INFO  o.a.m.s.f.DefaultMavenResourcesFiltering - Copying 1 resource
2023-03-15 14:36:16,061 [Worker-18: Building] INFO  o.a.m.s.f.DefaultMavenResourcesFiltering - Copying 0 resource
2023-03-15 14:36:16,063 [Worker-18: Building] INFO  o.a.m.s.f.DefaultMavenResourcesFiltering - skip non existing resourceDirectory C:\TASKS\StudentAPI\src\test\resources
2023-03-15 14:38:37,462 [Worker-3: Building] INFO  o.a.m.s.f.DefaultMavenResourcesFiltering - Copying 1 resource
2023-03-15 14:38:37,468 [Worker-3: Building] INFO  o.a.m.s.f.DefaultMavenResourcesFiltering - Copying 0 resource
2023-03-15 14:38:37,469 [Worker-3: Building] INFO  o.a.m.s.f.DefaultMavenResourcesFiltering - skip non existing resourceDirectory C:\TASKS\StudentAPI\src\test\resources
2023-03-15 14:38:39,464 [Worker-19: Launching StudentApiApplication] INFO  o.e.m.c.i.p.WorkspaceClassifierResolverManager - Resolving P/EmployeeCRUDAPI: com.employeAPI:EmployeeCRUDAPI:0.0.1-SNAPSHOT with classifier null to /EmployeeCRUDAPI/target/classes
2023-03-15 14:38:39,521 [Worker-19: Launching StudentApiApplication] INFO  o.e.m.c.i.p.WorkspaceClassifierResolverManager - Resolving P/EmployeeCRUDAPI: com.employeAPI:EmployeeCRUDAPI:0.0.1-SNAPSHOT with classifier null to /EmployeeCRUDAPI/target/classes
2023-03-15 14:38:39,578 [Worker-19: Launching StudentApiApplication] INFO  o.e.m.c.i.p.WorkspaceClassifierResolverManager - Resolving P/EmployeeCRUDAPI: com.employeAPI:EmployeeCRUDAPI:0.0.1-SNAPSHOT with classifier null to /EmployeeCRUDAPI/target/classes
2023-03-15 15:06:08,366 [Worker-22: Building] INFO  o.a.m.s.f.DefaultMavenResourcesFiltering - Copying 1 resource
2023-03-15 15:06:08,431 [Worker-22: Building] INFO  o.a.m.s.f.DefaultMavenResourcesFiltering - Copying 0 resource
2023-03-15 15:06:08,434 [Worker-22: Building] INFO  o.a.m.s.f.DefaultMavenResourcesFiltering - skip non existing resourceDirectory C:\TASKS\StudentAPI\src\test\resources
2023-03-15 15:06:21,247 [Worker-0: Loading available Gradle versions] INFO  o.e.b.c.i.u.g.PublishedGradleVersions - Gradle version information cache is up-to-date. Trying to read.
2023-03-15 15:27:44,936 [Worker-9: Building] INFO  o.e.m.c.i.p.WorkspaceClassifierResolverManager - Resolving P/EmployeeCRUDAPI: com.employeAPI:EmployeeCRUDAPI:0.0.1-SNAPSHOT with classifier  to /EmployeeCRUDAPI/target/classes
2023-03-15 15:27:45,066 [Worker-9: Building] INFO  o.a.m.s.f.DefaultMavenResourcesFiltering - Copying 1 resource
2023-03-15 15:27:45,088 [Worker-9: Building] INFO  o.a.m.s.f.DefaultMavenResourcesFiltering - Copying 0 resource
2023-03-15 15:27:45,094 [Worker-9: Building] INFO  o.a.m.s.f.DefaultMavenResourcesFiltering - skip non existing resourceDirectory C:\TASKS\StudentAPI\src\test\resources
2023-03-15 15:33:21,940 [Worker-10: Launching StudentApiApplication] INFO  o.e.m.c.i.p.WorkspaceClassifierResolverManager - Resolving P/EmployeeCRUDAPI: com.employeAPI:EmployeeCRUDAPI:0.0.1-SNAPSHOT with classifier null to /EmployeeCRUDAPI/target/classes
2023-03-15 15:33:22,005 [Worker-10: Launching StudentApiApplication] INFO  o.e.m.c.i.p.WorkspaceClassifierResolverManager - Resolving P/EmployeeCRUDAPI: com.employeAPI:EmployeeCRUDAPI:0.0.1-SNAPSHOT with classifier null to /EmployeeCRUDAPI/target/classes
2023-03-15 15:33:22,068 [Worker-10: Launching StudentApiApplication] INFO  o.e.m.c.i.p.WorkspaceClassifierResolverManager - Resolving P/EmployeeCRUDAPI: com.employeAPI:EmployeeCRUDAPI:0.0.1-SNAPSHOT with classifier null to /EmployeeCRUDAPI/target/classes
2023-03-15 15:47:40,932 [Worker-17: Launching StudentApiApplication] INFO  o.a.m.s.f.DefaultMavenResourcesFiltering - Copying 1 resource
2023-03-15 15:47:40,939 [Worker-17: Launching StudentApiApplication] INFO  o.a.m.s.f.DefaultMavenResourcesFiltering - Copying 0 resource
2023-03-15 15:47:40,943 [Worker-17: Launching StudentApiApplication] INFO  o.a.m.s.f.DefaultMavenResourcesFiltering - skip non existing resourceDirectory C:\TASKS\StudentAPI\src\test\resources
2023-03-15 15:47:41,021 [Worker-17: Launching StudentApiApplication] INFO  o.e.m.c.i.p.WorkspaceClassifierResolverManager - Resolving P/EmployeeCRUDAPI: com.employeAPI:EmployeeCRUDAPI:0.0.1-SNAPSHOT with classifier null to /EmployeeCRUDAPI/target/classes
2023-03-15 15:47:41,083 [Worker-17: Launching StudentApiApplication] INFO  o.e.m.c.i.p.WorkspaceClassifierResolverManager - Resolving P/EmployeeCRUDAPI: com.employeAPI:EmployeeCRUDAPI:0.0.1-SNAPSHOT with classifier null to /EmployeeCRUDAPI/target/classes
2023-03-15 15:47:41,146 [Worker-17: Launching StudentApiApplication] INFO  o.e.m.c.i.p.WorkspaceClassifierResolverManager - Resolving P/EmployeeCRUDAPI: com.employeAPI:EmployeeCRUDAPI:0.0.1-SNAPSHOT with classifier null to /EmployeeCRUDAPI/target/classes
2023-03-15 15:57:40,282 [Worker-21: Building] INFO  o.a.m.s.f.DefaultMavenResourcesFiltering - Copying 1 resource
2023-03-15 15:57:40,288 [Worker-21: Building] INFO  o.a.m.s.f.DefaultMavenResourcesFiltering - Copying 0 resource
2023-03-15 15:57:40,290 [Worker-21: Building] INFO  o.a.m.s.f.DefaultMavenResourcesFiltering - skip non existing resourceDirectory C:\TASKS\StudentAPI\src\test\resources
2023-03-15 15:58:17,794 [Worker-21: Building] INFO  o.a.m.s.f.DefaultMavenResourcesFiltering - Copying 1 resource
2023-03-15 15:58:17,800 [Worker-21: Building] INFO  o.a.m.s.f.DefaultMavenResourcesFiltering - Copying 0 resource
2023-03-15 15:58:17,802 [Worker-21: Building] INFO  o.a.m.s.f.DefaultMavenResourcesFiltering - skip non existing resourceDirectory C:\TASKS\StudentAPI\src\test\resources
2023-03-15 15:59:23,248 [Worker-25: Building] INFO  o.a.m.s.f.DefaultMavenResourcesFiltering - Copying 1 resource
2023-03-15 15:59:23,252 [Worker-25: Building] INFO  o.a.m.s.f.DefaultMavenResourcesFiltering - Copying 0 resource
2023-03-15 15:59:23,254 [Worker-25: Building] INFO  o.a.m.s.f.DefaultMavenResourcesFiltering - skip non existing resourceDirectory C:\TASKS\StudentAPI\src\test\resources
2023-03-15 15:59:27,962 [Worker-25: Launching StudentApiApplication] INFO  o.e.m.c.i.p.WorkspaceClassifierResolverManager - Resolving P/EmployeeCRUDAPI: com.employeAPI:EmployeeCRUDAPI:0.0.1-SNAPSHOT with classifier null to /EmployeeCRUDAPI/target/classes
2023-03-15 15:59:28,023 [Worker-25: Launching StudentApiApplication] INFO  o.e.m.c.i.p.WorkspaceClassifierResolverManager - Resolving P/EmployeeCRUDAPI: com.employeAPI:EmployeeCRUDAPI:0.0.1-SNAPSHOT with classifier null to /EmployeeCRUDAPI/target/classes
2023-03-15 15:59:28,108 [Worker-25: Launching StudentApiApplication] INFO  o.e.m.c.i.p.WorkspaceClassifierResolverManager - Resolving P/EmployeeCRUDAPI: com.employeAPI:EmployeeCRUDAPI:0.0.1-SNAPSHOT with classifier null to /EmployeeCRUDAPI/target/classes
2023-03-15 15:59:43,095 [Worker-11: Building] INFO  o.a.m.s.f.DefaultMavenResourcesFiltering - Copying 1 resource
2023-03-15 15:59:43,100 [Worker-11: Building] INFO  o.a.m.s.f.DefaultMavenResourcesFiltering - Copying 0 resource
2023-03-15 15:59:43,102 [Worker-11: Building] INFO  o.a.m.s.f.DefaultMavenResourcesFiltering - skip non existing resourceDirectory C:\TASKS\StudentAPI\src\test\resources
2023-03-15 15:59:44,625 [Worker-23: Launching StudentApiApplication] INFO  o.e.m.c.i.p.WorkspaceClassifierResolverManager - Resolving P/EmployeeCRUDAPI: com.employeAPI:EmployeeCRUDAPI:0.0.1-SNAPSHOT with classifier null to /EmployeeCRUDAPI/target/classes
2023-03-15 15:59:44,681 [Worker-23: Launching StudentApiApplication] INFO  o.e.m.c.i.p.WorkspaceClassifierResolverManager - Resolving P/EmployeeCRUDAPI: com.employeAPI:EmployeeCRUDAPI:0.0.1-SNAPSHOT with classifier null to /EmployeeCRUDAPI/target/classes
2023-03-15 15:59:44,739 [Worker-23: Launching StudentApiApplication] INFO  o.e.m.c.i.p.WorkspaceClassifierResolverManager - Resolving P/EmployeeCRUDAPI: com.employeAPI:EmployeeCRUDAPI:0.0.1-SNAPSHOT with classifier null to /EmployeeCRUDAPI/target/classes
2023-03-15 18:19:42,830 [Worker-23: Building] INFO  o.a.m.s.f.DefaultMavenResourcesFiltering - Copying 1 resource
2023-03-15 18:19:42,837 [Worker-23: Building] INFO  o.a.m.s.f.DefaultMavenResourcesFiltering - Copying 0 resource
2023-03-15 18:19:42,840 [Worker-23: Building] INFO  o.a.m.s.f.DefaultMavenResourcesFiltering - skip non existing resourceDirectory C:\TASKS\StudentAPI\src\test\resources
2023-03-15 18:20:44,110 [Worker-23: Building] INFO  o.a.m.s.f.DefaultMavenResourcesFiltering - Copying 1 resource
2023-03-15 18:20:44,117 [Worker-23: Building] INFO  o.a.m.s.f.DefaultMavenResourcesFiltering - Copying 0 resource
2023-03-15 18:20:44,119 [Worker-23: Building] INFO  o.a.m.s.f.DefaultMavenResourcesFiltering - skip non existing resourceDirectory C:\TASKS\StudentAPI\src\test\resources
2023-03-15 18:21:47,527 [Worker-26: Building] INFO  o.a.m.s.f.DefaultMavenResourcesFiltering - Copying 1 resource
2023-03-15 18:21:47,531 [Worker-26: Building] INFO  o.a.m.s.f.DefaultMavenResourcesFiltering - Copying 0 resource
2023-03-15 18:21:47,533 [Worker-26: Building] INFO  o.a.m.s.f.DefaultMavenResourcesFiltering - skip non existing resourceDirectory C:\TASKS\StudentAPI\src\test\resources
2023-03-15 18:21:50,897 [Worker-29: Launching StudentApiApplication] INFO  o.a.m.s.f.DefaultMavenResourcesFiltering - Copying 1 resource
2023-03-15 18:21:50,909 [Worker-29: Launching StudentApiApplication] INFO  o.a.m.s.f.DefaultMavenResourcesFiltering - Copying 0 resource
2023-03-15 18:21:50,913 [Worker-29: Launching StudentApiApplication] INFO  o.a.m.s.f.DefaultMavenResourcesFiltering - skip non existing resourceDirectory C:\TASKS\StudentAPI\src\test\resources
2023-03-15 18:21:51,005 [Worker-29: Launching StudentApiApplication] INFO  o.e.m.c.i.p.WorkspaceClassifierResolverManager - Resolving P/EmployeeCRUDAPI: com.employeAPI:EmployeeCRUDAPI:0.0.1-SNAPSHOT with classifier null to /EmployeeCRUDAPI/target/classes
2023-03-15 18:21:51,073 [Worker-29: Launching StudentApiApplication] INFO  o.e.m.c.i.p.WorkspaceClassifierResolverManager - Resolving P/EmployeeCRUDAPI: com.employeAPI:EmployeeCRUDAPI:0.0.1-SNAPSHOT with classifier null to /EmployeeCRUDAPI/target/classes
2023-03-15 18:21:51,133 [Worker-29: Launching StudentApiApplication] INFO  o.e.m.c.i.p.WorkspaceClassifierResolverManager - Resolving P/EmployeeCRUDAPI: com.employeAPI:EmployeeCRUDAPI:0.0.1-SNAPSHOT with classifier null to /EmployeeCRUDAPI/target/classes
2023-03-15 18:22:22,140 [Worker-30: Building] INFO  o.a.m.s.f.DefaultMavenResourcesFiltering - Copying 1 resource
2023-03-15 18:22:22,149 [Worker-30: Building] INFO  o.a.m.s.f.DefaultMavenResourcesFiltering - Copying 0 resource
2023-03-15 18:22:22,151 [Worker-30: Building] INFO  o.a.m.s.f.DefaultMavenResourcesFiltering - skip non existing resourceDirectory C:\TASKS\StudentAPI\src\test\resources
2023-03-15 18:22:23,378 [Worker-23: Launching StudentApiApplication] INFO  o.e.m.c.i.p.WorkspaceClassifierResolverManager - Resolving P/EmployeeCRUDAPI: com.employeAPI:EmployeeCRUDAPI:0.0.1-SNAPSHOT with classifier null to /EmployeeCRUDAPI/target/classes
2023-03-15 18:22:23,443 [Worker-23: Launching StudentApiApplication] INFO  o.e.m.c.i.p.WorkspaceClassifierResolverManager - Resolving P/EmployeeCRUDAPI: com.employeAPI:EmployeeCRUDAPI:0.0.1-SNAPSHOT with classifier null to /EmployeeCRUDAPI/target/classes
2023-03-15 18:22:23,509 [Worker-23: Launching StudentApiApplication] INFO  o.e.m.c.i.p.WorkspaceClassifierResolverManager - Resolving P/EmployeeCRUDAPI: com.employeAPI:EmployeeCRUDAPI:0.0.1-SNAPSHOT with classifier null to /EmployeeCRUDAPI/target/classes
2023-03-15 18:24:42,939 [Worker-23: Launching StudentApiApplication] INFO  o.a.m.s.f.DefaultMavenResourcesFiltering - Copying 1 resource
2023-03-15 18:24:42,948 [Worker-23: Launching StudentApiApplication] INFO  o.a.m.s.f.DefaultMavenResourcesFiltering - Copying 0 resource
2023-03-15 18:24:42,951 [Worker-23: Launching StudentApiApplication] INFO  o.a.m.s.f.DefaultMavenResourcesFiltering - skip non existing resourceDirectory C:\TASKS\StudentAPI\src\test\resources
2023-03-15 18:24:43,056 [Worker-23: Launching StudentApiApplication] INFO  o.e.m.c.i.p.WorkspaceClassifierResolverManager - Resolving P/EmployeeCRUDAPI: com.employeAPI:EmployeeCRUDAPI:0.0.1-SNAPSHOT with classifier null to /EmployeeCRUDAPI/target/classes
2023-03-15 18:24:43,121 [Worker-23: Launching StudentApiApplication] INFO  o.e.m.c.i.p.WorkspaceClassifierResolverManager - Resolving P/EmployeeCRUDAPI: com.employeAPI:EmployeeCRUDAPI:0.0.1-SNAPSHOT with classifier null to /EmployeeCRUDAPI/target/classes
2023-03-15 18:24:43,182 [Worker-23: Launching StudentApiApplication] INFO  o.e.m.c.i.p.WorkspaceClassifierResolverManager - Resolving P/EmployeeCRUDAPI: com.employeAPI:EmployeeCRUDAPI:0.0.1-SNAPSHOT with classifier null to /EmployeeCRUDAPI/target/classes
2023-03-16 09:42:58,034 [Worker-2: Loading available Gradle versions] INFO  o.e.b.c.i.u.g.PublishedGradleVersions - Gradle version information cache is up-to-date. Trying to read.
2023-03-16 10:37:00,311 [Worker-20: Building] INFO  o.e.m.c.i.p.WorkspaceClassifierResolverManager - Resolving P/EmployeeCRUDAPI: com.employeAPI:EmployeeCRUDAPI:0.0.1-SNAPSHOT with classifier  to /EmployeeCRUDAPI/target/classes
2023-03-16 10:37:00,483 [Worker-20: Building] INFO  o.a.m.s.f.DefaultMavenResourcesFiltering - Copying 1 resource
2023-03-16 10:37:00,502 [Worker-20: Building] INFO  o.a.m.s.f.DefaultMavenResourcesFiltering - Copying 0 resource
2023-03-16 10:37:00,505 [Worker-20: Building] INFO  o.a.m.s.f.DefaultMavenResourcesFiltering - skip non existing resourceDirectory C:\TASKS\StudentAPI\src\test\resources
2023-03-16 10:38:17,860 [Worker-20: Launching StudentApiApplication] INFO  o.a.m.s.f.DefaultMavenResourcesFiltering - Copying 1 resource
2023-03-16 10:38:17,876 [Worker-20: Launching StudentApiApplication] INFO  o.a.m.s.f.DefaultMavenResourcesFiltering - Copying 0 resource
2023-03-16 10:38:17,876 [Worker-20: Launching StudentApiApplication] INFO  o.a.m.s.f.DefaultMavenResourcesFiltering - skip non existing resourceDirectory C:\TASKS\StudentAPI\src\test\resources
2023-03-16 10:38:18,001 [Worker-20: Launching StudentApiApplication] INFO  o.e.m.c.i.p.WorkspaceClassifierResolverManager - Resolving P/EmployeeCRUDAPI: com.employeAPI:EmployeeCRUDAPI:0.0.1-SNAPSHOT with classifier null to /EmployeeCRUDAPI/target/classes
2023-03-16 10:38:18,064 [Worker-20: Launching StudentApiApplication] INFO  o.e.m.c.i.p.WorkspaceClassifierResolverManager - Resolving P/EmployeeCRUDAPI: com.employeAPI:EmployeeCRUDAPI:0.0.1-SNAPSHOT with classifier null to /EmployeeCRUDAPI/target/classes
2023-03-16 10:38:18,143 [Worker-20: Launching StudentApiApplication] INFO  o.e.m.c.i.p.WorkspaceClassifierResolverManager - Resolving P/EmployeeCRUDAPI: com.employeAPI:EmployeeCRUDAPI:0.0.1-SNAPSHOT with classifier null to /EmployeeCRUDAPI/target/classes
2023-03-16 10:40:29,784 [Worker-25: Launching StudentApiApplication] INFO  o.a.m.s.f.DefaultMavenResourcesFiltering - Copying 1 resource
2023-03-16 10:40:29,794 [Worker-25: Launching StudentApiApplication] INFO  o.a.m.s.f.DefaultMavenResourcesFiltering - Copying 0 resource
2023-03-16 10:40:29,797 [Worker-25: Launching StudentApiApplication] INFO  o.a.m.s.f.DefaultMavenResourcesFiltering - skip non existing resourceDirectory C:\TASKS\StudentAPI\src\test\resources
2023-03-16 10:40:29,895 [Worker-25: Launching StudentApiApplication] INFO  o.e.m.c.i.p.WorkspaceClassifierResolverManager - Resolving P/EmployeeCRUDAPI: com.employeAPI:EmployeeCRUDAPI:0.0.1-SNAPSHOT with classifier null to /EmployeeCRUDAPI/target/classes
2023-03-16 10:40:29,961 [Worker-25: Launching StudentApiApplication] INFO  o.e.m.c.i.p.WorkspaceClassifierResolverManager - Resolving P/EmployeeCRUDAPI: com.employeAPI:EmployeeCRUDAPI:0.0.1-SNAPSHOT with classifier null to /EmployeeCRUDAPI/target/classes
2023-03-16 10:40:30,023 [Worker-25: Launching StudentApiApplication] INFO  o.e.m.c.i.p.WorkspaceClassifierResolverManager - Resolving P/EmployeeCRUDAPI: com.employeAPI:EmployeeCRUDAPI:0.0.1-SNAPSHOT with classifier null to /EmployeeCRUDAPI/target/classes
2023-03-16 10:42:38,213 [Worker-25: Launching StudentApiApplication] INFO  o.a.m.s.f.DefaultMavenResourcesFiltering - Copying 1 resource
2023-03-16 10:42:38,220 [Worker-25: Launching StudentApiApplication] INFO  o.a.m.s.f.DefaultMavenResourcesFiltering - Copying 0 resource
2023-03-16 10:42:38,224 [Worker-25: Launching StudentApiApplication] INFO  o.a.m.s.f.DefaultMavenResourcesFiltering - skip non existing resourceDirectory C:\TASKS\StudentAPI\src\test\resources
2023-03-16 10:42:38,326 [Worker-25: Launching StudentApiApplication] INFO  o.e.m.c.i.p.WorkspaceClassifierResolverManager - Resolving P/EmployeeCRUDAPI: com.employeAPI:EmployeeCRUDAPI:0.0.1-SNAPSHOT with classifier null to /EmployeeCRUDAPI/target/classes
2023-03-16 10:42:38,391 [Worker-25: Launching StudentApiApplication] INFO  o.e.m.c.i.p.WorkspaceClassifierResolverManager - Resolving P/EmployeeCRUDAPI: com.employeAPI:EmployeeCRUDAPI:0.0.1-SNAPSHOT with classifier null to /EmployeeCRUDAPI/target/classes
2023-03-16 10:42:38,453 [Worker-25: Launching StudentApiApplication] INFO  o.e.m.c.i.p.WorkspaceClassifierResolverManager - Resolving P/EmployeeCRUDAPI: com.employeAPI:EmployeeCRUDAPI:0.0.1-SNAPSHOT with classifier null to /EmployeeCRUDAPI/target/classes
2023-03-16 10:55:39,945 [Worker-32: Launching StudentApiApplication] INFO  o.a.m.s.f.DefaultMavenResourcesFiltering - Copying 1 resource
2023-03-16 10:55:39,952 [Worker-32: Launching StudentApiApplication] INFO  o.a.m.s.f.DefaultMavenResourcesFiltering - Copying 0 resource
2023-03-16 10:55:39,956 [Worker-32: Launching StudentApiApplication] INFO  o.a.m.s.f.DefaultMavenResourcesFiltering - skip non existing resourceDirectory C:\TASKS\StudentAPI\src\test\resources
2023-03-16 10:55:40,038 [Worker-32: Launching StudentApiApplication] INFO  o.e.m.c.i.p.WorkspaceClassifierResolverManager - Resolving P/EmployeeCRUDAPI: com.employeAPI:EmployeeCRUDAPI:0.0.1-SNAPSHOT with classifier null to /EmployeeCRUDAPI/target/classes
2023-03-16 10:55:40,104 [Worker-32: Launching StudentApiApplication] INFO  o.e.m.c.i.p.WorkspaceClassifierResolverManager - Resolving P/EmployeeCRUDAPI: com.employeAPI:EmployeeCRUDAPI:0.0.1-SNAPSHOT with classifier null to /EmployeeCRUDAPI/target/classes
2023-03-16 10:55:40,169 [Worker-32: Launching StudentApiApplication] INFO  o.e.m.c.i.p.WorkspaceClassifierResolverManager - Resolving P/EmployeeCRUDAPI: com.employeAPI:EmployeeCRUDAPI:0.0.1-SNAPSHOT with classifier null to /EmployeeCRUDAPI/target/classes
2023-03-16 10:57:49,272 [Worker-32: Launching StudentApiApplication] INFO  o.a.m.s.f.DefaultMavenResourcesFiltering - Copying 1 resource
2023-03-16 10:57:49,277 [Worker-32: Launching StudentApiApplication] INFO  o.a.m.s.f.DefaultMavenResourcesFiltering - Copying 0 resource
2023-03-16 10:57:49,279 [Worker-32: Launching StudentApiApplication] INFO  o.a.m.s.f.DefaultMavenResourcesFiltering - skip non existing resourceDirectory C:\TASKS\StudentAPI\src\test\resources
2023-03-16 10:57:49,360 [Worker-32: Launching StudentApiApplication] INFO  o.e.m.c.i.p.WorkspaceClassifierResolverManager - Resolving P/EmployeeCRUDAPI: com.employeAPI:EmployeeCRUDAPI:0.0.1-SNAPSHOT with classifier null to /EmployeeCRUDAPI/target/classes
2023-03-16 10:57:49,426 [Worker-32: Launching StudentApiApplication] INFO  o.e.m.c.i.p.WorkspaceClassifierResolverManager - Resolving P/EmployeeCRUDAPI: com.employeAPI:EmployeeCRUDAPI:0.0.1-SNAPSHOT with classifier null to /EmployeeCRUDAPI/target/classes
2023-03-16 10:57:49,489 [Worker-32: Launching StudentApiApplication] INFO  o.e.m.c.i.p.WorkspaceClassifierResolverManager - Resolving P/EmployeeCRUDAPI: com.employeAPI:EmployeeCRUDAPI:0.0.1-SNAPSHOT with classifier null to /EmployeeCRUDAPI/target/classes
2023-03-16 11:00:19,099 [Worker-24: Launching StudentApiApplication] INFO  o.a.m.s.f.DefaultMavenResourcesFiltering - Copying 1 resource
2023-03-16 11:00:19,109 [Worker-24: Launching StudentApiApplication] INFO  o.a.m.s.f.DefaultMavenResourcesFiltering - Copying 0 resource
2023-03-16 11:00:19,112 [Worker-24: Launching StudentApiApplication] INFO  o.a.m.s.f.DefaultMavenResourcesFiltering - skip non existing resourceDirectory C:\TASKS\StudentAPI\src\test\resources
2023-03-16 11:00:19,208 [Worker-24: Launching StudentApiApplication] INFO  o.e.m.c.i.p.WorkspaceClassifierResolverManager - Resolving P/EmployeeCRUDAPI: com.employeAPI:EmployeeCRUDAPI:0.0.1-SNAPSHOT with classifier null to /EmployeeCRUDAPI/target/classes
2023-03-16 11:00:19,276 [Worker-24: Launching StudentApiApplication] INFO  o.e.m.c.i.p.WorkspaceClassifierResolverManager - Resolving P/EmployeeCRUDAPI: com.employeAPI:EmployeeCRUDAPI:0.0.1-SNAPSHOT with classifier null to /EmployeeCRUDAPI/target/classes
2023-03-16 11:00:19,341 [Worker-24: Launching StudentApiApplication] INFO  o.e.m.c.i.p.WorkspaceClassifierResolverManager - Resolving P/EmployeeCRUDAPI: com.employeAPI:EmployeeCRUDAPI:0.0.1-SNAPSHOT with classifier null to /EmployeeCRUDAPI/target/classes
2023-03-16 11:01:17,347 [Worker-36: Launching StudentApiApplication] INFO  o.a.m.s.f.DefaultMavenResourcesFiltering - Copying 1 resource
2023-03-16 11:01:17,353 [Worker-36: Launching StudentApiApplication] INFO  o.a.m.s.f.DefaultMavenResourcesFiltering - Copying 0 resource
2023-03-16 11:01:17,360 [Worker-36: Launching StudentApiApplication] INFO  o.a.m.s.f.DefaultMavenResourcesFiltering - skip non existing resourceDirectory C:\TASKS\StudentAPI\src\test\resources
2023-03-16 11:01:17,438 [Worker-36: Launching StudentApiApplication] INFO  o.e.m.c.i.p.WorkspaceClassifierResolverManager - Resolving P/EmployeeCRUDAPI: com.employeAPI:EmployeeCRUDAPI:0.0.1-SNAPSHOT with classifier null to /EmployeeCRUDAPI/target/classes
2023-03-16 11:01:17,503 [Worker-36: Launching StudentApiApplication] INFO  o.e.m.c.i.p.WorkspaceClassifierResolverManager - Resolving P/EmployeeCRUDAPI: com.employeAPI:EmployeeCRUDAPI:0.0.1-SNAPSHOT with classifier null to /EmployeeCRUDAPI/target/classes
2023-03-16 11:01:17,580 [Worker-36: Launching StudentApiApplication] INFO  o.e.m.c.i.p.WorkspaceClassifierResolverManager - Resolving P/EmployeeCRUDAPI: com.employeAPI:EmployeeCRUDAPI:0.0.1-SNAPSHOT with classifier null to /EmployeeCRUDAPI/target/classes
2023-03-16 11:01:55,547 [Worker-32: Launching StudentApiApplication] INFO  o.a.m.s.f.DefaultMavenResourcesFiltering - Copying 1 resource
2023-03-16 11:01:55,554 [Worker-32: Launching StudentApiApplication] INFO  o.a.m.s.f.DefaultMavenResourcesFiltering - Copying 0 resource
2023-03-16 11:01:55,556 [Worker-32: Launching StudentApiApplication] INFO  o.a.m.s.f.DefaultMavenResourcesFiltering - skip non existing resourceDirectory C:\TASKS\StudentAPI\src\test\resources
2023-03-16 11:01:55,637 [Worker-32: Launching StudentApiApplication] INFO  o.e.m.c.i.p.WorkspaceClassifierResolverManager - Resolving P/EmployeeCRUDAPI: com.employeAPI:EmployeeCRUDAPI:0.0.1-SNAPSHOT with classifier null to /EmployeeCRUDAPI/target/classes
2023-03-16 11:01:55,705 [Worker-32: Launching StudentApiApplication] INFO  o.e.m.c.i.p.WorkspaceClassifierResolverManager - Resolving P/EmployeeCRUDAPI: com.employeAPI:EmployeeCRUDAPI:0.0.1-SNAPSHOT with classifier null to /EmployeeCRUDAPI/target/classes
2023-03-16 11:01:55,769 [Worker-32: Launching StudentApiApplication] INFO  o.e.m.c.i.p.WorkspaceClassifierResolverManager - Resolving P/EmployeeCRUDAPI: com.employeAPI:EmployeeCRUDAPI:0.0.1-SNAPSHOT with classifier null to /EmployeeCRUDAPI/target/classes
2023-03-16 11:02:55,789 [Worker-36: Launching StudentApiApplication] INFO  o.a.m.s.f.DefaultMavenResourcesFiltering - Copying 1 resource
2023-03-16 11:02:55,796 [Worker-36: Launching StudentApiApplication] INFO  o.a.m.s.f.DefaultMavenResourcesFiltering - Copying 0 resource
2023-03-16 11:02:55,799 [Worker-36: Launching StudentApiApplication] INFO  o.a.m.s.f.DefaultMavenResourcesFiltering - skip non existing resourceDirectory C:\TASKS\StudentAPI\src\test\resources
2023-03-16 11:02:55,924 [Worker-36: Launching StudentApiApplication] INFO  o.e.m.c.i.p.WorkspaceClassifierResolverManager - Resolving P/EmployeeCRUDAPI: com.employeAPI:EmployeeCRUDAPI:0.0.1-SNAPSHOT with classifier null to /EmployeeCRUDAPI/target/classes
2023-03-16 11:02:55,987 [Worker-36: Launching StudentApiApplication] INFO  o.e.m.c.i.p.WorkspaceClassifierResolverManager - Resolving P/EmployeeCRUDAPI: com.employeAPI:EmployeeCRUDAPI:0.0.1-SNAPSHOT with classifier null to /EmployeeCRUDAPI/target/classes
2023-03-16 11:02:56,046 [Worker-36: Launching StudentApiApplication] INFO  o.e.m.c.i.p.WorkspaceClassifierResolverManager - Resolving P/EmployeeCRUDAPI: com.employeAPI:EmployeeCRUDAPI:0.0.1-SNAPSHOT with classifier null to /EmployeeCRUDAPI/target/classes
2023-03-16 11:04:42,017 [Worker-38: Launching StudentApiApplication] INFO  o.a.m.s.f.DefaultMavenResourcesFiltering - Copying 1 resource
2023-03-16 11:04:42,021 [Worker-38: Launching StudentApiApplication] INFO  o.a.m.s.f.DefaultMavenResourcesFiltering - Copying 0 resource
2023-03-16 11:04:42,021 [Worker-38: Launching StudentApiApplication] INFO  o.a.m.s.f.DefaultMavenResourcesFiltering - skip non existing resourceDirectory C:\TASKS\StudentAPI\src\test\resources
2023-03-16 11:04:42,104 [Worker-38: Launching StudentApiApplication] INFO  o.e.m.c.i.p.WorkspaceClassifierResolverManager - Resolving P/EmployeeCRUDAPI: com.employeAPI:EmployeeCRUDAPI:0.0.1-SNAPSHOT with classifier null to /EmployeeCRUDAPI/target/classes
2023-03-16 11:04:42,168 [Worker-38: Launching StudentApiApplication] INFO  o.e.m.c.i.p.WorkspaceClassifierResolverManager - Resolving P/EmployeeCRUDAPI: com.employeAPI:EmployeeCRUDAPI:0.0.1-SNAPSHOT with classifier null to /EmployeeCRUDAPI/target/classes
2023-03-16 11:04:42,230 [Worker-38: Launching StudentApiApplication] INFO  o.e.m.c.i.p.WorkspaceClassifierResolverManager - Resolving P/EmployeeCRUDAPI: com.employeAPI:EmployeeCRUDAPI:0.0.1-SNAPSHOT with classifier null to /EmployeeCRUDAPI/target/classes
2023-03-16 11:06:55,667 [Worker-44: Building] INFO  o.a.m.s.f.DefaultMavenResourcesFiltering - Copying 1 resource
2023-03-16 11:06:55,672 [Worker-44: Building] INFO  o.a.m.s.f.DefaultMavenResourcesFiltering - Copying 0 resource
2023-03-16 11:06:55,674 [Worker-44: Building] INFO  o.a.m.s.f.DefaultMavenResourcesFiltering - skip non existing resourceDirectory C:\TASKS\StudentAPI\src\test\resources
2023-03-16 11:06:57,522 [Worker-37: Launching StudentApiApplication] INFO  o.e.m.c.i.p.WorkspaceClassifierResolverManager - Resolving P/EmployeeCRUDAPI: com.employeAPI:EmployeeCRUDAPI:0.0.1-SNAPSHOT with classifier null to /EmployeeCRUDAPI/target/classes
2023-03-16 11:06:57,585 [Worker-37: Launching StudentApiApplication] INFO  o.e.m.c.i.p.WorkspaceClassifierResolverManager - Resolving P/EmployeeCRUDAPI: com.employeAPI:EmployeeCRUDAPI:0.0.1-SNAPSHOT with classifier null to /EmployeeCRUDAPI/target/classes
2023-03-16 11:06:57,643 [Worker-37: Launching StudentApiApplication] INFO  o.e.m.c.i.p.WorkspaceClassifierResolverManager - Resolving P/EmployeeCRUDAPI: com.employeAPI:EmployeeCRUDAPI:0.0.1-SNAPSHOT with classifier null to /EmployeeCRUDAPI/target/classes
2023-03-16 11:47:53,910 [Worker-47: Building] INFO  o.a.m.s.f.DefaultMavenResourcesFiltering - Copying 1 resource
2023-03-16 11:47:53,960 [Worker-47: Building] INFO  o.a.m.s.f.DefaultMavenResourcesFiltering - Copying 0 resource
2023-03-16 11:47:53,963 [Worker-47: Building] INFO  o.a.m.s.f.DefaultMavenResourcesFiltering - skip non existing resourceDirectory C:\TASKS\StudentAPI\src\test\resources
2023-03-16 11:47:57,116 [Worker-48: Launching StudentApiApplication] INFO  o.a.m.s.f.DefaultMavenResourcesFiltering - Copying 1 resource
2023-03-16 11:47:57,131 [Worker-48: Launching StudentApiApplication] INFO  o.a.m.s.f.DefaultMavenResourcesFiltering - Copying 0 resource
2023-03-16 11:47:57,138 [Worker-48: Launching StudentApiApplication] INFO  o.a.m.s.f.DefaultMavenResourcesFiltering - skip non existing resourceDirectory C:\TASKS\StudentAPI\src\test\resources
2023-03-16 11:47:57,236 [Worker-48: Launching StudentApiApplication] INFO  o.e.m.c.i.p.WorkspaceClassifierResolverManager - Resolving P/EmployeeCRUDAPI: com.employeAPI:EmployeeCRUDAPI:0.0.1-SNAPSHOT with classifier null to /EmployeeCRUDAPI/target/classes
2023-03-16 11:47:57,304 [Worker-48: Launching StudentApiApplication] INFO  o.e.m.c.i.p.WorkspaceClassifierResolverManager - Resolving P/EmployeeCRUDAPI: com.employeAPI:EmployeeCRUDAPI:0.0.1-SNAPSHOT with classifier null to /EmployeeCRUDAPI/target/classes
2023-03-16 11:47:57,373 [Worker-48: Launching StudentApiApplication] INFO  o.e.m.c.i.p.WorkspaceClassifierResolverManager - Resolving P/EmployeeCRUDAPI: com.employeAPI:EmployeeCRUDAPI:0.0.1-SNAPSHOT with classifier null to /EmployeeCRUDAPI/target/classes
2023-03-16 11:48:08,914 [Worker-49: Launching StudentApiApplication] INFO  o.e.m.c.i.p.WorkspaceClassifierResolverManager - Resolving P/EmployeeCRUDAPI: com.employeAPI:EmployeeCRUDAPI:0.0.1-SNAPSHOT with classifier null to /EmployeeCRUDAPI/target/classes
2023-03-16 11:48:08,982 [Worker-49: Launching StudentApiApplication] INFO  o.e.m.c.i.p.WorkspaceClassifierResolverManager - Resolving P/EmployeeCRUDAPI: com.employeAPI:EmployeeCRUDAPI:0.0.1-SNAPSHOT with classifier null to /EmployeeCRUDAPI/target/classes
2023-03-16 11:48:09,048 [Worker-49: Launching StudentApiApplication] INFO  o.e.m.c.i.p.WorkspaceClassifierResolverManager - Resolving P/EmployeeCRUDAPI: com.employeAPI:EmployeeCRUDAPI:0.0.1-SNAPSHOT with classifier null to /EmployeeCRUDAPI/target/classes
2023-03-16 11:55:37,905 [Worker-48: Building] INFO  o.a.m.s.f.DefaultMavenResourcesFiltering - Copying 1 resource
2023-03-16 11:55:37,922 [Worker-48: Building] INFO  o.a.m.s.f.DefaultMavenResourcesFiltering - Copying 0 resource
2023-03-16 11:55:37,924 [Worker-48: Building] INFO  o.a.m.s.f.DefaultMavenResourcesFiltering - skip non existing resourceDirectory C:\TASKS\StudentAPI\src\test\resources
2023-03-16 11:55:41,369 [Worker-48: Launching StudentApiApplication] INFO  o.e.m.c.i.p.WorkspaceClassifierResolverManager - Resolving P/EmployeeCRUDAPI: com.employeAPI:EmployeeCRUDAPI:0.0.1-SNAPSHOT with classifier null to /EmployeeCRUDAPI/target/classes
2023-03-16 11:55:41,426 [Worker-48: Launching StudentApiApplication] INFO  o.e.m.c.i.p.WorkspaceClassifierResolverManager - Resolving P/EmployeeCRUDAPI: com.employeAPI:EmployeeCRUDAPI:0.0.1-SNAPSHOT with classifier null to /EmployeeCRUDAPI/target/classes
2023-03-16 11:55:41,483 [Worker-48: Launching StudentApiApplication] INFO  o.e.m.c.i.p.WorkspaceClassifierResolverManager - Resolving P/EmployeeCRUDAPI: com.employeAPI:EmployeeCRUDAPI:0.0.1-SNAPSHOT with classifier null to /EmployeeCRUDAPI/target/classes
2023-03-16 11:58:09,581 [Worker-48: Launching StudentApiApplication] INFO  o.a.m.s.f.DefaultMavenResourcesFiltering - Copying 1 resource
2023-03-16 11:58:09,592 [Worker-48: Launching StudentApiApplication] INFO  o.a.m.s.f.DefaultMavenResourcesFiltering - Copying 0 resource
2023-03-16 11:58:09,596 [Worker-48: Launching StudentApiApplication] INFO  o.a.m.s.f.DefaultMavenResourcesFiltering - skip non existing resourceDirectory C:\TASKS\StudentAPI\src\test\resources
2023-03-16 11:58:09,689 [Worker-48: Launching StudentApiApplication] INFO  o.e.m.c.i.p.WorkspaceClassifierResolverManager - Resolving P/EmployeeCRUDAPI: com.employeAPI:EmployeeCRUDAPI:0.0.1-SNAPSHOT with classifier null to /EmployeeCRUDAPI/target/classes
2023-03-16 11:58:09,750 [Worker-48: Launching StudentApiApplication] INFO  o.e.m.c.i.p.WorkspaceClassifierResolverManager - Resolving P/EmployeeCRUDAPI: com.employeAPI:EmployeeCRUDAPI:0.0.1-SNAPSHOT with classifier null to /EmployeeCRUDAPI/target/classes
2023-03-16 11:58:09,808 [Worker-48: Launching StudentApiApplication] INFO  o.e.m.c.i.p.WorkspaceClassifierResolverManager - Resolving P/EmployeeCRUDAPI: com.employeAPI:EmployeeCRUDAPI:0.0.1-SNAPSHOT with classifier null to /EmployeeCRUDAPI/target/classes
2023-03-16 12:07:17,834 [Worker-51: Launching StudentApiApplication] INFO  o.e.m.c.i.p.WorkspaceClassifierResolverManager - Resolving P/EmployeeCRUDAPI: com.employeAPI:EmployeeCRUDAPI:0.0.1-SNAPSHOT with classifier null to /EmployeeCRUDAPI/target/classes
2023-03-16 12:07:17,890 [Worker-51: Launching StudentApiApplication] INFO  o.e.m.c.i.p.WorkspaceClassifierResolverManager - Resolving P/EmployeeCRUDAPI: com.employeAPI:EmployeeCRUDAPI:0.0.1-SNAPSHOT with classifier null to /EmployeeCRUDAPI/target/classes
2023-03-16 12:07:17,948 [Worker-51: Launching StudentApiApplication] INFO  o.e.m.c.i.p.WorkspaceClassifierResolverManager - Resolving P/EmployeeCRUDAPI: com.employeAPI:EmployeeCRUDAPI:0.0.1-SNAPSHOT with classifier null to /EmployeeCRUDAPI/target/classes
2023-03-16 12:07:23,372 [Worker-57: Launching StudentApiApplication] INFO  o.e.m.c.i.p.WorkspaceClassifierResolverManager - Resolving P/EmployeeCRUDAPI: com.employeAPI:EmployeeCRUDAPI:0.0.1-SNAPSHOT with classifier null to /EmployeeCRUDAPI/target/classes
2023-03-16 12:07:23,429 [Worker-57: Launching StudentApiApplication] INFO  o.e.m.c.i.p.WorkspaceClassifierResolverManager - Resolving P/EmployeeCRUDAPI: com.employeAPI:EmployeeCRUDAPI:0.0.1-SNAPSHOT with classifier null to /EmployeeCRUDAPI/target/classes
2023-03-16 12:07:23,486 [Worker-57: Launching StudentApiApplication] INFO  o.e.m.c.i.p.WorkspaceClassifierResolverManager - Resolving P/EmployeeCRUDAPI: com.employeAPI:EmployeeCRUDAPI:0.0.1-SNAPSHOT with classifier null to /EmployeeCRUDAPI/target/classes
2023-03-16 12:08:30,235 [Worker-55: Building] INFO  o.a.m.s.f.DefaultMavenResourcesFiltering - Copying 1 resource
2023-03-16 12:08:30,240 [Worker-55: Building] INFO  o.a.m.s.f.DefaultMavenResourcesFiltering - Copying 0 resource
2023-03-16 12:08:30,241 [Worker-55: Building] INFO  o.a.m.s.f.DefaultMavenResourcesFiltering - skip non existing resourceDirectory C:\TASKS\StudentAPI\src\test\resources
2023-03-16 12:08:32,629 [Worker-57: Launching StudentApiApplication] INFO  o.e.m.c.i.p.WorkspaceClassifierResolverManager - Resolving P/EmployeeCRUDAPI: com.employeAPI:EmployeeCRUDAPI:0.0.1-SNAPSHOT with classifier null to /EmployeeCRUDAPI/target/classes
2023-03-16 12:08:32,710 [Worker-57: Launching StudentApiApplication] INFO  o.e.m.c.i.p.WorkspaceClassifierResolverManager - Resolving P/EmployeeCRUDAPI: com.employeAPI:EmployeeCRUDAPI:0.0.1-SNAPSHOT with classifier null to /EmployeeCRUDAPI/target/classes
2023-03-16 12:08:32,778 [Worker-57: Launching StudentApiApplication] INFO  o.e.m.c.i.p.WorkspaceClassifierResolverManager - Resolving P/EmployeeCRUDAPI: com.employeAPI:EmployeeCRUDAPI:0.0.1-SNAPSHOT with classifier null to /EmployeeCRUDAPI/target/classes
2023-03-16 12:18:18,327 [Worker-59: Launching StudentApiApplication] INFO  o.e.m.c.i.p.WorkspaceClassifierResolverManager - Resolving P/EmployeeCRUDAPI: com.employeAPI:EmployeeCRUDAPI:0.0.1-SNAPSHOT with classifier null to /EmployeeCRUDAPI/target/classes
2023-03-16 12:18:18,383 [Worker-59: Launching StudentApiApplication] INFO  o.e.m.c.i.p.WorkspaceClassifierResolverManager - Resolving P/EmployeeCRUDAPI: com.employeAPI:EmployeeCRUDAPI:0.0.1-SNAPSHOT with classifier null to /EmployeeCRUDAPI/target/classes
2023-03-16 12:18:18,441 [Worker-59: Launching StudentApiApplication] INFO  o.e.m.c.i.p.WorkspaceClassifierResolverManager - Resolving P/EmployeeCRUDAPI: com.employeAPI:EmployeeCRUDAPI:0.0.1-SNAPSHOT with classifier null to /EmployeeCRUDAPI/target/classes
2023-03-16 12:23:09,354 [Worker-64: Building] INFO  o.a.m.s.f.DefaultMavenResourcesFiltering - Copying 1 resource
2023-03-16 12:23:09,358 [Worker-64: Building] INFO  o.a.m.s.f.DefaultMavenResourcesFiltering - Copying 0 resource
2023-03-16 12:23:09,360 [Worker-64: Building] INFO  o.a.m.s.f.DefaultMavenResourcesFiltering - skip non existing resourceDirectory C:\TASKS\StudentAPI\src\test\resources
2023-03-16 12:23:11,048 [Worker-65: Launching StudentApiApplication] INFO  o.e.m.c.i.p.WorkspaceClassifierResolverManager - Resolving P/EmployeeCRUDAPI: com.employeAPI:EmployeeCRUDAPI:0.0.1-SNAPSHOT with classifier null to /EmployeeCRUDAPI/target/classes
2023-03-16 12:23:11,103 [Worker-65: Launching StudentApiApplication] INFO  o.e.m.c.i.p.WorkspaceClassifierResolverManager - Resolving P/EmployeeCRUDAPI: com.employeAPI:EmployeeCRUDAPI:0.0.1-SNAPSHOT with classifier null to /EmployeeCRUDAPI/target/classes
2023-03-16 12:23:11,158 [Worker-65: Launching StudentApiApplication] INFO  o.e.m.c.i.p.WorkspaceClassifierResolverManager - Resolving P/EmployeeCRUDAPI: com.employeAPI:EmployeeCRUDAPI:0.0.1-SNAPSHOT with classifier null to /EmployeeCRUDAPI/target/classes
2023-03-16 12:46:21,253 [Worker-72: Building] INFO  o.a.m.s.f.DefaultMavenResourcesFiltering - Copying 1 resource
2023-03-16 12:46:21,263 [Worker-72: Building] INFO  o.a.m.s.f.DefaultMavenResourcesFiltering - Copying 0 resource
2023-03-16 12:46:21,265 [Worker-72: Building] INFO  o.a.m.s.f.DefaultMavenResourcesFiltering - skip non existing resourceDirectory C:\TASKS\StudentAPI\src\test\resources
2023-03-16 12:46:24,873 [Worker-74: Launching StudentApiApplication] INFO  o.e.m.c.i.p.WorkspaceClassifierResolverManager - Resolving P/EmployeeCRUDAPI: com.employeAPI:EmployeeCRUDAPI:0.0.1-SNAPSHOT with classifier null to /EmployeeCRUDAPI/target/classes
2023-03-16 12:46:24,931 [Worker-74: Launching StudentApiApplication] INFO  o.e.m.c.i.p.WorkspaceClassifierResolverManager - Resolving P/EmployeeCRUDAPI: com.employeAPI:EmployeeCRUDAPI:0.0.1-SNAPSHOT with classifier null to /EmployeeCRUDAPI/target/classes
2023-03-16 12:46:24,994 [Worker-74: Launching StudentApiApplication] INFO  o.e.m.c.i.p.WorkspaceClassifierResolverManager - Resolving P/EmployeeCRUDAPI: com.employeAPI:EmployeeCRUDAPI:0.0.1-SNAPSHOT with classifier null to /EmployeeCRUDAPI/target/classes
2023-03-16 12:47:18,855 [Worker-73: Launching StudentApiApplication] INFO  o.a.m.s.f.DefaultMavenResourcesFiltering - Copying 1 resource
2023-03-16 12:47:18,874 [Worker-73: Launching StudentApiApplication] INFO  o.a.m.s.f.DefaultMavenResourcesFiltering - Copying 0 resource
2023-03-16 12:47:18,874 [Worker-73: Launching StudentApiApplication] INFO  o.a.m.s.f.DefaultMavenResourcesFiltering - skip non existing resourceDirectory C:\TASKS\StudentAPI\src\test\resources
2023-03-16 12:47:18,949 [Worker-73: Launching StudentApiApplication] INFO  o.e.m.c.i.p.WorkspaceClassifierResolverManager - Resolving P/EmployeeCRUDAPI: com.employeAPI:EmployeeCRUDAPI:0.0.1-SNAPSHOT with classifier null to /EmployeeCRUDAPI/target/classes
2023-03-16 12:47:19,012 [Worker-73: Launching StudentApiApplication] INFO  o.e.m.c.i.p.WorkspaceClassifierResolverManager - Resolving P/EmployeeCRUDAPI: com.employeAPI:EmployeeCRUDAPI:0.0.1-SNAPSHOT with classifier null to /EmployeeCRUDAPI/target/classes
2023-03-16 12:47:19,059 [Worker-73: Launching StudentApiApplication] INFO  o.e.m.c.i.p.WorkspaceClassifierResolverManager - Resolving P/EmployeeCRUDAPI: com.employeAPI:EmployeeCRUDAPI:0.0.1-SNAPSHOT with classifier null to /EmployeeCRUDAPI/target/classes
2023-03-16 12:53:46,625 [Worker-75: Launching StudentApiApplication] INFO  o.e.m.c.i.p.WorkspaceClassifierResolverManager - Resolving P/EmployeeCRUDAPI: com.employeAPI:EmployeeCRUDAPI:0.0.1-SNAPSHOT with classifier null to /EmployeeCRUDAPI/target/classes
2023-03-16 12:53:46,683 [Worker-75: Launching StudentApiApplication] INFO  o.e.m.c.i.p.WorkspaceClassifierResolverManager - Resolving P/EmployeeCRUDAPI: com.employeAPI:EmployeeCRUDAPI:0.0.1-SNAPSHOT with classifier null to /EmployeeCRUDAPI/target/classes
2023-03-16 12:53:46,741 [Worker-75: Launching StudentApiApplication] INFO  o.e.m.c.i.p.WorkspaceClassifierResolverManager - Resolving P/EmployeeCRUDAPI: com.employeAPI:EmployeeCRUDAPI:0.0.1-SNAPSHOT with classifier null to /EmployeeCRUDAPI/target/classes
2023-03-16 15:15:15,836 [Worker-81: Launching StudentApiApplication] INFO  o.a.m.s.f.DefaultMavenResourcesFiltering - Copying 1 resource
2023-03-16 15:15:15,877 [Worker-81: Launching StudentApiApplication] INFO  o.a.m.s.f.DefaultMavenResourcesFiltering - Copying 0 resource
2023-03-16 15:15:15,879 [Worker-81: Launching StudentApiApplication] INFO  o.a.m.s.f.DefaultMavenResourcesFiltering - skip non existing resourceDirectory C:\TASKS\StudentAPI\src\test\resources
2023-03-16 15:15:15,969 [Worker-81: Launching StudentApiApplication] INFO  o.e.m.c.i.p.WorkspaceClassifierResolverManager - Resolving P/EmployeeCRUDAPI: com.employeAPI:EmployeeCRUDAPI:0.0.1-SNAPSHOT with classifier null to /EmployeeCRUDAPI/target/classes
2023-03-16 15:15:16,030 [Worker-81: Launching StudentApiApplication] INFO  o.e.m.c.i.p.WorkspaceClassifierResolverManager - Resolving P/EmployeeCRUDAPI: com.employeAPI:EmployeeCRUDAPI:0.0.1-SNAPSHOT with classifier null to /EmployeeCRUDAPI/target/classes
2023-03-16 15:15:16,091 [Worker-81: Launching StudentApiApplication] INFO  o.e.m.c.i.p.WorkspaceClassifierResolverManager - Resolving P/EmployeeCRUDAPI: com.employeAPI:EmployeeCRUDAPI:0.0.1-SNAPSHOT with classifier null to /EmployeeCRUDAPI/target/classes
2023-03-16 15:16:28,166 [Worker-81: Launching StudentApiApplication] INFO  o.a.m.s.f.DefaultMavenResourcesFiltering - Copying 1 resource
2023-03-16 15:16:28,175 [Worker-81: Launching StudentApiApplication] INFO  o.a.m.s.f.DefaultMavenResourcesFiltering - Copying 0 resource
2023-03-16 15:16:28,178 [Worker-81: Launching StudentApiApplication] INFO  o.a.m.s.f.DefaultMavenResourcesFiltering - skip non existing resourceDirectory C:\TASKS\StudentAPI\src\test\resources
2023-03-16 15:16:28,270 [Worker-81: Launching StudentApiApplication] INFO  o.e.m.c.i.p.WorkspaceClassifierResolverManager - Resolving P/EmployeeCRUDAPI: com.employeAPI:EmployeeCRUDAPI:0.0.1-SNAPSHOT with classifier null to /EmployeeCRUDAPI/target/classes
2023-03-16 15:16:28,327 [Worker-81: Launching StudentApiApplication] INFO  o.e.m.c.i.p.WorkspaceClassifierResolverManager - Resolving P/EmployeeCRUDAPI: com.employeAPI:EmployeeCRUDAPI:0.0.1-SNAPSHOT with classifier null to /EmployeeCRUDAPI/target/classes
2023-03-16 15:16:28,384 [Worker-81: Launching StudentApiApplication] INFO  o.e.m.c.i.p.WorkspaceClassifierResolverManager - Resolving P/EmployeeCRUDAPI: com.employeAPI:EmployeeCRUDAPI:0.0.1-SNAPSHOT with classifier null to /EmployeeCRUDAPI/target/classes
2023-03-16 15:21:06,657 [Worker-76: Launching StudentApiApplication] INFO  o.a.m.s.f.DefaultMavenResourcesFiltering - Copying 1 resource
2023-03-16 15:21:06,663 [Worker-76: Launching StudentApiApplication] INFO  o.a.m.s.f.DefaultMavenResourcesFiltering - Copying 0 resource
2023-03-16 15:21:06,665 [Worker-76: Launching StudentApiApplication] INFO  o.a.m.s.f.DefaultMavenResourcesFiltering - skip non existing resourceDirectory C:\TASKS\StudentAPI\src\test\resources
2023-03-16 15:21:06,741 [Worker-76: Launching StudentApiApplication] INFO  o.e.m.c.i.p.WorkspaceClassifierResolverManager - Resolving P/EmployeeCRUDAPI: com.employeAPI:EmployeeCRUDAPI:0.0.1-SNAPSHOT with classifier null to /EmployeeCRUDAPI/target/classes
2023-03-16 15:21:06,802 [Worker-76: Launching StudentApiApplication] INFO  o.e.m.c.i.p.WorkspaceClassifierResolverManager - Resolving P/EmployeeCRUDAPI: com.employeAPI:EmployeeCRUDAPI:0.0.1-SNAPSHOT with classifier null to /EmployeeCRUDAPI/target/classes
2023-03-16 15:21:06,885 [Worker-76: Launching StudentApiApplication] INFO  o.e.m.c.i.p.WorkspaceClassifierResolverManager - Resolving P/EmployeeCRUDAPI: com.employeAPI:EmployeeCRUDAPI:0.0.1-SNAPSHOT with classifier null to /EmployeeCRUDAPI/target/classes
2023-03-16 15:30:23,079 [Worker-93: Launching StudentApiApplication] INFO  o.a.m.s.f.DefaultMavenResourcesFiltering - Copying 1 resource
2023-03-16 15:30:23,085 [Worker-93: Launching StudentApiApplication] INFO  o.a.m.s.f.DefaultMavenResourcesFiltering - Copying 0 resource
2023-03-16 15:30:23,089 [Worker-93: Launching StudentApiApplication] INFO  o.a.m.s.f.DefaultMavenResourcesFiltering - skip non existing resourceDirectory C:\TASKS\StudentAPI\src\test\resources
2023-03-16 15:30:23,175 [Worker-93: Launching StudentApiApplication] INFO  o.e.m.c.i.p.WorkspaceClassifierResolverManager - Resolving P/EmployeeCRUDAPI: com.employeAPI:EmployeeCRUDAPI:0.0.1-SNAPSHOT with classifier null to /EmployeeCRUDAPI/target/classes
2023-03-16 15:30:23,234 [Worker-93: Launching StudentApiApplication] INFO  o.e.m.c.i.p.WorkspaceClassifierResolverManager - Resolving P/EmployeeCRUDAPI: com.employeAPI:EmployeeCRUDAPI:0.0.1-SNAPSHOT with classifier null to /EmployeeCRUDAPI/target/classes
2023-03-16 15:30:23,291 [Worker-93: Launching StudentApiApplication] INFO  o.e.m.c.i.p.WorkspaceClassifierResolverManager - Resolving P/EmployeeCRUDAPI: com.employeAPI:EmployeeCRUDAPI:0.0.1-SNAPSHOT with classifier null to /EmployeeCRUDAPI/target/classes
